<?xml version="1.0" encoding="UTF-8"?>
<!-- Generated by org.testng.reporters.JUnitReportReporter -->
<testsuite hostname="ITEM-S117579" failures="0" tests="1" name="com.sopra.Selenium.SeleniumTest" time="16.470" errors="0" timestamp="2023-10-30T10:33:04 CET" skipped="0">
  <testcase classname="com.sopra.Selenium.SeleniumTest" name="test1" time="16.470"/>
</testsuite> <!-- com.sopra.Selenium.SeleniumTest -->
