<?xml version="1.0" encoding="UTF-8"?>
<!-- Generated by org.testng.reporters.JUnitReportReporter -->
<testsuite hostname="ITEM-S117579" failures="0" tests="3" name="com.sopra.Selenium.SeleniumTest" time="4.814" errors="0" timestamp="2023-10-30T12:37:50 CET" skipped="0">
  <testcase classname="com.sopra.Selenium.SeleniumTest" name="login" time="3.043"/>
  <testcase classname="com.sopra.Selenium.SeleniumTest" name="test1" time="0.167"/>
  <testcase classname="com.sopra.Selenium.SeleniumTest" name="logOut" time="1.604"/>
</testsuite> <!-- com.sopra.Selenium.SeleniumTest -->
